<?xml version="1.0" encoding="UTF-8"?>
<!-- Generated by org.testng.reporters.JUnitXMLReporter -->
<testsuite ignored="0" hostname="Preetinders-Air" failures="0" tests="8" name="Test" time="325.966" errors="0" timestamp="2023-07-30T14:47:16 EDT">
  <testcase classname="com.gmail.qa.testcases.LoginPageTest" name="loginPageTitleTest" time="0.247"/>
  <testcase classname="com.gmail.qa.testcases.LoginPageTest" name="loginTest" time="11.135"/>
  <testcase classname="com.gmail.qa.testcases.HomePageTest" name="verifyHomePageTitleTest" time="0.248"/>
  <testcase classname="com.gmail.qa.testcases.HomePageTest" name="verifyWelcomeLabelTest" time="21.014"/>
  <testcase classname="com.gmail.qa.testcases.HomePageTest" name="verifySecurityLinkTest" time="22.733"/>
  <testcase classname="com.gmail.qa.testcases.HomePageTest" name="verifyPeoplesharingLinkTest" time="23.291"/>
  <testcase classname="com.gmail.qa.testcases.HomePageTest" name="verifyPersonalinfoPageLinkTest" time="22.499"/>
  <testcase classname="com.gmail.qa.testcases.SecurityPageTest" name="verifySecurityPageTitleTest" time="4.028"/>
</testsuite> <!-- Test -->
