<?xml version="1.0" encoding="UTF-8"?>
<testng-results ignored="0" total="8" passed="8" failed="0" skipped="0">
  <reporter-output>
  </reporter-output>
  <suite started-at="2023-07-30T14:41:50 EDT" name="Suite" finished-at="2023-07-30T14:47:16 EDT" duration-ms="325966">
    <groups>
    </groups>
    <test started-at="2023-07-30T14:41:50 EDT" name="Test" finished-at="2023-07-30T14:47:16 EDT" duration-ms="325966">
      <class name="com.gmail.qa.testcases.HomePageTest">
        <test-method is-config="true" signature="setUp()[pri:0, instance:com.gmail.qa.testcases.HomePageTest@2ea41516]" started-at="2023-07-30T14:42:35 EDT" name="setUp" finished-at="2023-07-30T14:43:01 EDT" duration-ms="25988" status="PASS">
          <reporter-output>
          </reporter-output>
        </test-method> <!-- setUp -->
        <test-method signature="verifyHomePageTitleTest()[pri:1, instance:com.gmail.qa.testcases.HomePageTest@2ea41516]" started-at="2023-07-30T14:43:01 EDT" name="verifyHomePageTitleTest" finished-at="2023-07-30T14:43:01 EDT" duration-ms="248" status="PASS">
          <reporter-output>
          </reporter-output>
        </test-method> <!-- verifyHomePageTitleTest -->
        <test-method is-config="true" signature="tearDown()[pri:0, instance:com.gmail.qa.testcases.HomePageTest@2ea41516]" started-at="2023-07-30T14:43:01 EDT" name="tearDown" finished-at="2023-07-30T14:43:01 EDT" duration-ms="111" status="PASS">
          <reporter-output>
          </reporter-output>
        </test-method> <!-- tearDown -->
        <test-method is-config="true" signature="setUp()[pri:0, instance:com.gmail.qa.testcases.HomePageTest@2ea41516]" started-at="2023-07-30T14:43:01 EDT" name="setUp" finished-at="2023-07-30T14:43:30 EDT" duration-ms="28531" status="PASS">
          <reporter-output>
          </reporter-output>
        </test-method> <!-- setUp -->
        <test-method signature="verifyWelcomeLabelTest()[pri:2, instance:com.gmail.qa.testcases.HomePageTest@2ea41516]" started-at="2023-07-30T14:43:30 EDT" name="verifyWelcomeLabelTest" finished-at="2023-07-30T14:43:51 EDT" duration-ms="21014" status="PASS">
          <reporter-output>
          </reporter-output>
        </test-method> <!-- verifyWelcomeLabelTest -->
        <test-method is-config="true" signature="tearDown()[pri:0, instance:com.gmail.qa.testcases.HomePageTest@2ea41516]" started-at="2023-07-30T14:43:51 EDT" name="tearDown" finished-at="2023-07-30T14:43:51 EDT" duration-ms="108" status="PASS">
          <reporter-output>
          </reporter-output>
        </test-method> <!-- tearDown -->
        <test-method is-config="true" signature="setUp()[pri:0, instance:com.gmail.qa.testcases.HomePageTest@2ea41516]" started-at="2023-07-30T14:43:51 EDT" name="setUp" finished-at="2023-07-30T14:44:19 EDT" duration-ms="27832" status="PASS">
          <reporter-output>
          </reporter-output>
        </test-method> <!-- setUp -->
        <test-method signature="verifySecurityLinkTest()[pri:3, instance:com.gmail.qa.testcases.HomePageTest@2ea41516]" started-at="2023-07-30T14:44:19 EDT" name="verifySecurityLinkTest" finished-at="2023-07-30T14:44:42 EDT" duration-ms="22733" status="PASS">
          <reporter-output>
          </reporter-output>
        </test-method> <!-- verifySecurityLinkTest -->
        <test-method is-config="true" signature="tearDown()[pri:0, instance:com.gmail.qa.testcases.HomePageTest@2ea41516]" started-at="2023-07-30T14:44:42 EDT" name="tearDown" finished-at="2023-07-30T14:44:42 EDT" duration-ms="113" status="PASS">
          <reporter-output>
          </reporter-output>
        </test-method> <!-- tearDown -->
        <test-method is-config="true" signature="setUp()[pri:0, instance:com.gmail.qa.testcases.HomePageTest@2ea41516]" started-at="2023-07-30T14:44:42 EDT" name="setUp" finished-at="2023-07-30T14:45:09 EDT" duration-ms="27136" status="PASS">
          <reporter-output>
          </reporter-output>
        </test-method> <!-- setUp -->
        <test-method signature="verifyPeoplesharingLinkTest()[pri:4, instance:com.gmail.qa.testcases.HomePageTest@2ea41516]" started-at="2023-07-30T14:45:09 EDT" name="verifyPeoplesharingLinkTest" finished-at="2023-07-30T14:45:32 EDT" duration-ms="23291" status="PASS">
          <reporter-output>
          </reporter-output>
        </test-method> <!-- verifyPeoplesharingLinkTest -->
        <test-method is-config="true" signature="tearDown()[pri:0, instance:com.gmail.qa.testcases.HomePageTest@2ea41516]" started-at="2023-07-30T14:45:32 EDT" name="tearDown" finished-at="2023-07-30T14:45:32 EDT" duration-ms="111" status="PASS">
          <reporter-output>
          </reporter-output>
        </test-method> <!-- tearDown -->
        <test-method is-config="true" signature="setUp()[pri:0, instance:com.gmail.qa.testcases.HomePageTest@2ea41516]" started-at="2023-07-30T14:45:32 EDT" name="setUp" finished-at="2023-07-30T14:45:59 EDT" duration-ms="26667" status="PASS">
          <reporter-output>
          </reporter-output>
        </test-method> <!-- setUp -->
        <test-method signature="verifyPersonalinfoPageLinkTest()[pri:5, instance:com.gmail.qa.testcases.HomePageTest@2ea41516]" started-at="2023-07-30T14:45:59 EDT" name="verifyPersonalinfoPageLinkTest" finished-at="2023-07-30T14:46:22 EDT" duration-ms="22499" status="PASS">
          <reporter-output>
          </reporter-output>
        </test-method> <!-- verifyPersonalinfoPageLinkTest -->
        <test-method is-config="true" signature="tearDown()[pri:0, instance:com.gmail.qa.testcases.HomePageTest@2ea41516]" started-at="2023-07-30T14:46:22 EDT" name="tearDown" finished-at="2023-07-30T14:46:22 EDT" duration-ms="113" status="PASS">
          <reporter-output>
          </reporter-output>
        </test-method> <!-- tearDown -->
      </class> <!-- com.gmail.qa.testcases.HomePageTest -->
      <class name="com.gmail.qa.testcases.LoginPageTest">
        <test-method is-config="true" signature="setUp()[pri:0, instance:com.gmail.qa.testcases.LoginPageTest@32ee6fee]" started-at="2023-07-30T14:41:50 EDT" name="setUp" finished-at="2023-07-30T14:42:08 EDT" duration-ms="17909" status="PASS">
          <reporter-output>
          </reporter-output>
        </test-method> <!-- setUp -->
        <test-method signature="loginPageTitleTest()[pri:1, instance:com.gmail.qa.testcases.LoginPageTest@32ee6fee]" started-at="2023-07-30T14:42:08 EDT" name="loginPageTitleTest" finished-at="2023-07-30T14:42:08 EDT" duration-ms="247" status="PASS">
          <reporter-output>
          </reporter-output>
        </test-method> <!-- loginPageTitleTest -->
        <test-method is-config="true" signature="tearDown()[pri:0, instance:com.gmail.qa.testcases.LoginPageTest@32ee6fee]" started-at="2023-07-30T14:42:08 EDT" name="tearDown" finished-at="2023-07-30T14:42:09 EDT" duration-ms="119" status="PASS">
          <reporter-output>
          </reporter-output>
        </test-method> <!-- tearDown -->
        <test-method is-config="true" signature="setUp()[pri:0, instance:com.gmail.qa.testcases.LoginPageTest@32ee6fee]" started-at="2023-07-30T14:42:09 EDT" name="setUp" finished-at="2023-07-30T14:42:24 EDT" duration-ms="15302" status="PASS">
          <reporter-output>
          </reporter-output>
        </test-method> <!-- setUp -->
        <test-method signature="loginTest()[pri:2, instance:com.gmail.qa.testcases.LoginPageTest@32ee6fee]" started-at="2023-07-30T14:42:24 EDT" name="loginTest" finished-at="2023-07-30T14:42:35 EDT" duration-ms="11135" status="PASS">
          <reporter-output>
          </reporter-output>
        </test-method> <!-- loginTest -->
        <test-method is-config="true" signature="tearDown()[pri:0, instance:com.gmail.qa.testcases.LoginPageTest@32ee6fee]" started-at="2023-07-30T14:42:35 EDT" name="tearDown" finished-at="2023-07-30T14:42:35 EDT" duration-ms="142" status="PASS">
          <reporter-output>
          </reporter-output>
        </test-method> <!-- tearDown -->
      </class> <!-- com.gmail.qa.testcases.LoginPageTest -->
      <class name="com.gmail.qa.testcases.SecurityPageTest">
        <test-method is-config="true" signature="setUp()[pri:0, instance:com.gmail.qa.testcases.SecurityPageTest@194bcebf]" started-at="2023-07-30T14:46:22 EDT" name="setUp" finished-at="2023-07-30T14:47:12 EDT" duration-ms="50386" status="PASS">
          <reporter-output>
          </reporter-output>
        </test-method> <!-- setUp -->
        <test-method signature="verifySecurityPageTitleTest()[pri:0, instance:com.gmail.qa.testcases.SecurityPageTest@194bcebf]" started-at="2023-07-30T14:47:12 EDT" name="verifySecurityPageTitleTest" finished-at="2023-07-30T14:47:16 EDT" duration-ms="4028" status="PASS">
          <reporter-output>
          </reporter-output>
        </test-method> <!-- verifySecurityPageTitleTest -->
        <test-method is-config="true" signature="tearDown()[pri:0, instance:com.gmail.qa.testcases.SecurityPageTest@194bcebf]" started-at="2023-07-30T14:47:16 EDT" name="tearDown" finished-at="2023-07-30T14:47:16 EDT" duration-ms="107" status="PASS">
          <reporter-output>
          </reporter-output>
        </test-method> <!-- tearDown -->
      </class> <!-- com.gmail.qa.testcases.SecurityPageTest -->
    </test> <!-- Test -->
  </suite> <!-- Suite -->
</testng-results>
